Start testing: Oct 09 15:36 CEST
----------------------------------------------------------
1/1 Testing: AllTestsAllocator
1/1 Test: AllTestsAllocator
Command: "/user/2/.base/matterv/home/TP/SEPC/SEPC_TP1/build/alloctest"
Directory: /user/2/.base/matterv/home/TP/SEPC/SEPC_TP1/build
"AllTestsAllocator" start time: Oct 09 15:36 CEST
Output:
----------------------------------------------------------
[==========] Running 12 tests from 4 test cases.
[----------] Global test environment set-up.
[----------] 1 test from Mark
[ RUN      ] Mark.mmix
/user/2/.base/matterv/home/TP/SEPC/SEPC_TP1/tests/test_mark.cc:21: Failure
Expected: (pmem0) != ((void*)0), actual: NULL vs NULL
[  FAILED  ] Mark.mmix (0 ms)
[----------] 1 test from Mark (0 ms total)

[----------] 7 tests from Basic
[ RUN      ] Basic.zero
[       OK ] Basic.zero (0 ms)
[ RUN      ] Basic.onetinysmall
/user/2/.base/matterv/home/TP/SEPC/SEPC_TP1/tests/test_generic.cc:27: Failure
Expected: (ptr) != (nullptr), actual: NULL vs 8-byte object <00-00 00-00 00-00 00-00>
[  FAILED  ] Basic.onetinysmall (0 ms)
[ RUN      ] Basic.onelargesmall
/user/2/.base/matterv/home/TP/SEPC/SEPC_TP1/tests/test_generic.cc:34: Failure
Expected: (ptr) != (nullptr), actual: NULL vs 8-byte object <00-00 00-00 00-00 00-00>
[  FAILED  ] Basic.onelargesmall (0 ms)
[ RUN      ] Basic.onemedium
/user/2/.base/matterv/home/TP/SEPC/SEPC_TP1/tests/test_generic.cc:41: Failure
Expected: (ptr) != (nullptr), actual: NULL vs 8-byte object <00-00 00-00 00-00 00-00>
[  FAILED  ] Basic.onemedium (0 ms)
[ RUN      ] Basic.onelarge
/user/2/.base/matterv/home/TP/SEPC/SEPC_TP1/tests/test_generic.cc:48: Failure
Expected: (ptr) != (nullptr), actual: NULL vs 8-byte object <00-00 00-00 00-00 00-00>
[  FAILED  ] Basic.onelarge (0 ms)
[ RUN      ] Basic.oneallocloopsmall
/user/2/.base/matterv/home/TP/SEPC/SEPC_TP1/tests/test_generic.cc:59: Failure
Expected: (t) != (nullptr), actual: NULL vs 8-byte object <00-00 00-00 00-00 00-00>
[  FAILED  ] Basic.oneallocloopsmall (0 ms)
[ RUN      ] Basic.oneallocloopmedium
/user/2/.base/matterv/home/TP/SEPC/SEPC_TP1/tests/test_generic.cc:72: Failure
Expected: (t) != (nullptr), actual: NULL vs 8-byte object <00-00 00-00 00-00 00-00>
[  FAILED  ] Basic.oneallocloopmedium (0 ms)
[----------] 7 tests from Basic (0 ms total)

[----------] 3 tests from Generic
[ RUN      ] Generic.loopevenoddsmall
/user/2/.base/matterv/home/TP/SEPC/SEPC_TP1/tests/test_generic.cc:87: Failure
Expected: (t) != ((void *)0), actual: NULL vs NULL
[  FAILED  ] Generic.loopevenoddsmall (0 ms)
[ RUN      ] Generic.loopevenoddmedium
/user/2/.base/matterv/home/TP/SEPC/SEPC_TP1/tests/test_generic.cc:107: Failure
Expected: (t) != ((void *)0), actual: NULL vs NULL
[  FAILED  ] Generic.loopevenoddmedium (0 ms)
[ RUN      ] Generic.aleatoire
Une allocation de 64 a echoue !
Une allocation de 256 a echoue !
Une allocation de 1024 a echoue !
Une allocation de 170 a echoue !
Une allocation de 4096 a echoue !
Une allocation de 170 a echoue !
Une allocation de 682 a echoue !
Une allocation de 113 a echoue !
Une allocation de 16384 a echoue !
Une allocation de 170 a echoue !
Une allocation de 682 a echoue !
Une allocation de 113 a echoue !
Une allocation de 2730 a echoue !
Une allocation de 113 a echoue !
Une allocation de 455 a echoue !
Une allocation de 75 a echoue !
Une allocation de 65536 a echoue !
Une allocation de 170 a echoue !
Une allocation de 682 a echoue !
Une allocation de 113 a echoue !
Une allocation de 2730 a echoue !
Une allocation de 113 a echoue !
Une allocation de 455 a echoue !
Une allocation de 75 a echoue !
Une allocation de 10922 a echoue !
Une allocation de 113 a echoue !
Une allocation de 455 a echoue !
Une allocation de 75 a echoue !
Une allocation de 1820 a echoue !
Une allocation de 75 a echoue !
Une allocation de 303 a echoue !
Une allocation de 262144 a echoue !
Une allocation de 170 a echoue !
Une allocation de 682 a echoue !
Une allocation de 113 a echoue !
Une allocation de 2730 a echoue !
Une allocation de 113 a echoue !
Une allocation de 455 a echoue !
Une allocation de 75 a echoue !
Une allocation de 10922 a echoue !
Une allocation de 113 a echoue !
Une allocation de 455 a echoue !
Une allocation de 75 a echoue !
Une allocation de 1820 a echoue !
Une allocation de 75 a echoue !
Une allocation de 303 a echoue !
Une allocation de 43690 a echoue !
Une allocation de 113 a echoue !
Une allocation de 455 a echoue !
Une allocation de 75 a echoue !
Une allocation de 1820 a echoue !
Une allocation de 75 a echoue !
Une allocation de 303 a echoue !
Une allocation de 7281 a echoue !
Une allocation de 75 a echoue !
Une allocation de 303 a echoue !
Une allocation de 1213 a echoue !
Une allocation de 202 a echoue !
Une allocation de 1048576 a echoue !
Une allocation de 170 a echoue !
Une allocation de 682 a echoue !
Une allocation de 113 a echoue !
Une allocation de 2730 a echoue !
Une allocation de 113 a echoue !
Une allocation de 455 a echoue !
Une allocation de 75 a echoue !
Une allocation de 10922 a echoue !
Une allocation de 113 a echoue !
Une allocation de 455 a echoue !
Une allocation de 75 a echoue !
Une allocation de 1820 a echoue !
Une allocation de 75 a echoue !
Une allocation de 303 a echoue !
Une allocation de 43690 a echoue !
Une allocation de 113 a echoue !
Une allocation de 455 a echoue !
Une allocation de 75 a echoue !
Une allocation de 1820 a echoue !
Une allocation de 75 a echoue !
Une allocation de 303 a echoue !
Une allocation de 7281 a echoue !
Une allocation de 75 a echoue !
Une allocation de 303 a echoue !
Une allocation de 1213 a echoue !
Une allocation de 202 a echoue !
Une allocation de 174762 a echoue !
Une allocation de 113 a echoue !
Une allocation de 455 a echoue !
Une allocation de 75 a echoue !
Une allocation de 1820 a echoue !
Une allocation de 75 a echoue !
Une allocation de 303 a echoue !
Une allocation de 7281 a echoue !
Une allocation de 75 a echoue !
Une allocation de 303 a echoue !
Une allocation de 1213 a echoue !
Une allocation de 202 a echoue !
Une allocation de 29127 a echoue !
Une allocation de 75 a echoue !
Une allocation de 303 a echoue !
Une allocation de 1213 a echoue !
Une allocation de 202 a echoue !
Une allocation de 4854 a echoue !
Une allocation de 202 a echoue !
Une allocation de 809 a echoue !
Une allocation de 134 a echoue !
Une allocation de 64 a echoue !
Une allocation de 256 a echoue !
Une allocation de 1024 a echoue !
Une allocation de 170 a echoue !
Une allocation de 4096 a echoue !
Une allocation de 170 a echoue !
Une allocation de 682 a echoue !
Une allocation de 113 a echoue !
Une allocation de 16384 a echoue !
Une allocation de 170 a echoue !
Une allocation de 682 a echoue !
Une allocation de 113 a echoue !
Une allocation de 2730 a echoue !
Une allocation de 113 a echoue !
Une allocation de 455 a echoue !
Une allocation de 75 a echoue !
Une allocation de 65536 a echoue !
Une allocation de 170 a echoue !
Une allocation de 682 a echoue !
Une allocation de 113 a echoue !
Une allocation de 2730 a echoue !
Une allocation de 113 a echoue !
Une allocation de 455 a echoue !
Une allocation de 75 a echoue !
Une allocation de 10922 a echoue !
Une allocation de 113 a echoue !
Une allocation de 455 a echoue !
Une allocation de 75 a echoue !
Une allocation de 1820 a echoue !
Une allocation de 75 a echoue !
Une allocation de 303 a echoue !
Une allocation de 262144 a echoue !
Une allocation de 170 a echoue !
Une allocation de 682 a echoue !
Une allocation de 113 a echoue !
Une allocation de 2730 a echoue !
Une allocation de 113 a echoue !
Une allocation de 455 a echoue !
Une allocation de 75 a echoue !
Une allocation de 10922 a echoue !
Une allocation de 113 a echoue !
Une allocation de 455 a echoue !
Une allocation de 75 a echoue !
Une allocation de 1820 a echoue !
Une allocation de 75 a echoue !
Une allocation de 303 a echoue !
Une allocation de 43690 a echoue !
Une allocation de 113 a echoue !
Une allocation de 455 a echoue !
Une allocation de 75 a echoue !
Une allocation de 1820 a echoue !
Une allocation de 75 a echoue !
Une allocation de 303 a echoue !
Une allocation de 7281 a echoue !
Une allocation de 75 a echoue !
Une allocation de 303 a echoue !
Une allocation de 1213 a echoue !
Une allocation de 202 a echoue !
Une allocation de 1048576 a echoue !
Une allocation de 170 a echoue !
Une allocation de 682 a echoue !
Une allocation de 113 a echoue !
Une allocation de 2730 a echoue !
Une allocation de 113 a echoue !
Une allocation de 455 a echoue !
Une allocation de 75 a echoue !
Une allocation de 10922 a echoue !
Une allocation de 113 a echoue !
Une allocation de 455 a echoue !
Une allocation de 75 a echoue !
Une allocation de 1820 a echoue !
Une allocation de 75 a echoue !
Une allocation de 303 a echoue !
Une allocation de 43690 a echoue !
Une allocation de 113 a echoue !
Une allocation de 455 a echoue !
Une allocation de 75 a echoue !
Une allocation de 1820 a echoue !
Une allocation de 75 a echoue !
Une allocation de 303 a echoue !
Une allocation de 7281 a echoue !
Une allocation de 75 a echoue !
Une allocation de 303 a echoue !
Une allocation de 1213 a echoue !
Une allocation de 202 a echoue !
Une allocation de 174762 a echoue !
Une allocation de 113 a echoue !
Une allocation de 455 a echoue !
Une allocation de 75 a echoue !
Une allocation de 1820 a echoue !
Une allocation de 75 a echoue !
Une allocation de 303 a echoue !
Une allocation de 7281 a echoue !
Une allocation de 75 a echoue !
Une allocation de 303 a echoue !
Une allocation de 1213 a echoue !
Une allocation de 202 a echoue !
Une allocation de 29127 a echoue !
Une allocation de 75 a echoue !
Une allocation de 303 a echoue !
Une allocation de 1213 a echoue !
Une allocation de 202 a echoue !
Une allocation de 4854 a echoue !
Une allocation de 202 a echoue !
Une allocation de 809 a echoue !
Une allocation de 134 a echoue !
Une allocation de 64 a echoue !
Une allocation de 256 a echoue !
Une allocation de 1024 a echoue !
Une allocation de 170 a echoue !
Une allocation de 4096 a echoue !
Une allocation de 170 a echoue !
Une allocation de 682 a echoue !
Une allocation de 113 a echoue !
Une allocation de 16384 a echoue !
Une allocation de 170 a echoue !
Une allocation de 682 a echoue !
Une allocation de 113 a echoue !
Une allocation de 2730 a echoue !
Une allocation de 113 a echoue !
Une allocation de 455 a echoue !
Une allocation de 75 a echoue !
Une allocation de 65536 a echoue !
Une allocation de 170 a echoue !
Une allocation de 682 a echoue !
Une allocation de 113 a echoue !
Une allocation de 2730 a echoue !
Une allocation de 113 a echoue !
Une allocation de 455 a echoue !
Une allocation de 75 a echoue !
Une allocation de 10922 a echoue !
Une allocation de 113 a echoue !
Une allocation de 455 a echoue !
Une allocation de 75 a echoue !
Une allocation de 1820 a echoue !
Une allocation de 75 a echoue !
Une allocation de 303 a echoue !
Une allocation de 262144 a echoue !
Une allocation de 170 a echoue !
Une allocation de 682 a echoue !
Une allocation de 113 a echoue !
Une allocation de 2730 a echoue !
Une allocation de 113 a echoue !
Une allocation de 455 a echoue !
Une allocation de 75 a echoue !
Une allocation de 10922 a echoue !
Une allocation de 113 a echoue !
Une allocation de 455 a echoue !
Une allocation de 75 a echoue !
Une allocation de 1820 a echoue !
Une allocation de 75 a echoue !
Une allocation de 303 a echoue !
Une allocation de 43690 a echoue !
Une allocation de 113 a echoue !
Une allocation de 455 a echoue !
Une allocation de 75 a echoue !
Une allocation de 1820 a echoue !
Une allocation de 75 a echoue !
Une allocation de 303 a echoue !
Une allocation de 7281 a echoue !
Une allocation de 75 a echoue !
Une allocation de 303 a echoue !
Une allocation de 1213 a echoue !
Une allocation de 202 a echoue !
Une allocation de 1048576 a echoue !
Une allocation de 170 a echoue !
Une allocation de 682 a echoue !
Une allocation de 113 a echoue !
Une allocation de 2730 a echoue !
Une allocation de 113 a echoue !
Une allocation de 455 a echoue !
Une allocation de 75 a echoue !
Une allocation de 10922 a echoue !
Une allocation de 113 a echoue !
Une allocation de 455 a echoue !
Une allocation de 75 a echoue !
Une allocation de 1820 a echoue !
Une allocation de 75 a echoue !
Une allocation de 303 a echoue !
Une allocation de 43690 a echoue !
Une allocation de 113 a echoue !
Une allocation de 455 a echoue !
Une allocation de 75 a echoue !
Une allocation de 1820 a echoue !
Une allocation de 75 a echoue !
Une allocation de 303 a echoue !
Une allocation de 7281 a echoue !
Une allocation de 75 a echoue !
Une allocation de 303 a echoue !
Une allocation de 1213 a echoue !
Une allocation de 202 a echoue !
Une allocation de 174762 a echoue !
Une allocation de 113 a echoue !
Une allocation de 455 a echoue !
Une allocation de 75 a echoue !
Une allocation de 1820 a echoue !
Une allocation de 75 a echoue !
Une allocation de 303 a echoue !
Une allocation de 7281 a echoue !
Une allocation de 75 a echoue !
Une allocation de 303 a echoue !
Une allocation de 1213 a echoue !
Une allocation de 202 a echoue !
Une allocation de 29127 a echoue !
Une allocation de 75 a echoue !
Une allocation de 303 a echoue !
Une allocation de 1213 a echoue !
Une allocation de 202 a echoue !
Une allocation de 4854 a echoue !
Une allocation de 202 a echoue !
Une allocation de 809 a echoue !
Une allocation de 134 a echoue !
Une allocation de 64 a echoue !
Une allocation de 256 a echoue !
Une allocation de 1024 a echoue !
Une allocation de 170 a echoue !
Une allocation de 4096 a echoue !
Une allocation de 170 a echoue !
Une allocation de 682 a echoue !
Une allocation de 113 a echoue !
Une allocation de 16384 a echoue !
Une allocation de 170 a echoue !
Une allocation de 682 a echoue !
Une allocation de 113 a echoue !
Une allocation de 2730 a echoue !
Une allocation de 113 a echoue !
Une allocation de 455 a echoue !
Une allocation de 75 a echoue !
Une allocation de 65536 a echoue !
Une allocation de 170 a echoue !
Une allocation de 682 a echoue !
Une allocation de 113 a echoue !
Une allocation de 2730 a echoue !
Une allocation de 113 a echoue !
Une allocation de 455 a echoue !
Une allocation de 75 a echoue !
Une allocation de 10922 a echoue !
Une allocation de 113 a echoue !
Une allocation de 455 a echoue !
Une allocation de 75 a echoue !
Une allocation de 1820 a echoue !
Une allocation de 75 a echoue !
Une allocation de 303 a echoue !
Une allocation de 262144 a echoue !
Une allocation de 170 a echoue !
Une allocation de 682 a echoue !
Une allocation de 113 a echoue !
Une allocation de 2730 a echoue !
Une allocation de 113 a echoue !
Une allocation de 455 a echoue !
Une allocation de 75 a echoue !
Une allocation de 10922 a echoue !
Une allocation de 113 a echoue !
Une allocation de 455 a echoue !
Une allocation de 75 a echoue !
Une allocation de 1820 a echoue !
Une allocation de 75 a echoue !
Une allocation de 303 a echoue !
Une allocation de 43690 a echoue !
Une allocation de 113 a echoue !
Une allocation de 455 a echoue !
Une allocation de 75 a echoue !
Une allocation de 1820 a echoue !
Une allocation de 75 a echoue !
Une allocation de 303 a echoue !
Une allocation de 7281 a echoue !
Une allocation de 75 a echoue !
Une allocation de 303 a echoue !
Une allocation de 1213 a echoue !
Une allocation de 202 a echoue !
Une allocation de 1048576 a echoue !
Une allocation de 170 a echoue !
Une allocation de 682 a echoue !
Une allocation de 113 a echoue !
Une allocation de 2730 a echoue !
Une allocation de 113 a echoue !
Une allocation de 455 a echoue !
Une allocation de 75 a echoue !
Une allocation de 10922 a echoue !
Une allocation de 113 a echoue !
Une allocation de 455 a echoue !
Une allocation de 75 a echoue !
Une allocation de 1820 a echoue !
Une allocation de 75 a echoue !
Une allocation de 303 a echoue !
Une allocation de 43690 a echoue !
Une allocation de 113 a echoue !
Une allocation de 455 a echoue !
Une allocation de 75 a echoue !
Une allocation de 1820 a echoue !
Une allocation de 75 a echoue !
Une allocation de 303 a echoue !
Une allocation de 7281 a echoue !
Une allocation de 75 a echoue !
Une allocation de 303 a echoue !
Une allocation de 1213 a echoue !
Une allocation de 202 a echoue !
Une allocation de 174762 a echoue !
Une allocation de 113 a echoue !
Une allocation de 455 a echoue !
Une allocation de 75 a echoue !
Une allocation de 1820 a echoue !
Une allocation de 75 a echoue !
Une allocation de 303 a echoue !
Une allocation de 7281 a echoue !
Une allocation de 75 a echoue !
Une allocation de 303 a echoue !
Une allocation de 1213 a echoue !
Une allocation de 202 a echoue !
Une allocation de 29127 a echoue !
Une allocation de 75 a echoue !
Une allocation de 303 a echoue !
Une allocation de 1213 a echoue !
Une allocation de 202 a echoue !
Une allocation de 4854 a echoue !
Une allocation de 202 a echoue !
Une allocation de 809 a echoue !
Une allocation de 134 a echoue !
Une allocation de 64 a echoue !
Une allocation de 256 a echoue !
Une allocation de 1024 a echoue !
Une allocation de 170 a echoue !
Une allocation de 4096 a echoue !
Une allocation de 170 a echoue !
Une allocation de 682 a echoue !
Une allocation de 113 a echoue !
Une allocation de 16384 a echoue !
Une allocation de 170 a echoue !
Une allocation de 682 a echoue !
Une allocation de 113 a echoue !
Une allocation de 2730 a echoue !
Une allocation de 113 a echoue !
Une allocation de 455 a echoue !
Une allocation de 75 a echoue !
Une allocation de 65536 a echoue !
Une allocation de 170 a echoue !
Une allocation de 682 a echoue !
Une allocation de 113 a echoue !
Une allocation de 2730 a echoue !
Une allocation de 113 a echoue !
Une allocation de 455 a echoue !
Une allocation de 75 a echoue !
Une allocation de 10922 a echoue !
Une allocation de 113 a echoue !
Une allocation de 455 a echoue !
Une allocation de 75 a echoue !
Une allocation de 1820 a echoue !
Une allocation de 75 a echoue !
Une allocation de 303 a echoue !
Une allocation de 262144 a echoue !
Une allocation de 170 a echoue !
Une allocation de 682 a echoue !
Une allocation de 113 a echoue !
Une allocation de 2730 a echoue !
Une allocation de 113 a echoue !
Une allocation de 455 a echoue !
Une allocation de 75 a echoue !
Une allocation de 10922 a echoue !
Une allocation de 113 a echoue !
Une allocation de 455 a echoue !
Une allocation de 75 a echoue !
Une allocation de 1820 a echoue !
Une allocation de 75 a echoue !
Une allocation de 303 a echoue !
Une allocation de 43690 a echoue !
Une allocation de 113 a echoue !
Une allocation de 455 a echoue !
Une allocation de 75 a echoue !
Une allocation de 1820 a echoue !
Une allocation de 75 a echoue !
Une allocation de 303 a echoue !
Une allocation de 7281 a echoue !
Une allocation de 75 a echoue !
Une allocation de 303 a echoue !
Une allocation de 1213 a echoue !
Une allocation de 202 a echoue !
Une allocation de 1048576 a echoue !
Une allocation de 170 a echoue !
Une allocation de 682 a echoue !
Une allocation de 113 a echoue !
Une allocation de 2730 a echoue !
Une allocation de 113 a echoue !
Une allocation de 455 a echoue !
Une allocation de 75 a echoue !
Une allocation de 10922 a echoue !
Une allocation de 113 a echoue !
Une allocation de 455 a echoue !
Une allocation de 75 a echoue !
Une allocation de 1820 a echoue !
Une allocation de 75 a echoue !
Une allocation de 303 a echoue !
Une allocation de 43690 a echoue !
Une allocation de 113 a echoue !
Une allocation de 455 a echoue !
Une allocation de 75 a echoue !
Une allocation de 1820 a echoue !
Une allocation de 75 a echoue !
Une allocation de 303 a echoue !
Une allocation de 7281 a echoue !
Une allocation de 75 a echoue !
Une allocation de 303 a echoue !
Une allocation de 1213 a echoue !
Une allocation de 202 a echoue !
Une allocation de 174762 a echoue !
Une allocation de 113 a echoue !
Une allocation de 455 a echoue !
Une allocation de 75 a echoue !
Une allocation de 1820 a echoue !
Une allocation de 75 a echoue !
Une allocation de 303 a echoue !
Une allocation de 7281 a echoue !
Une allocation de 75 a echoue !
Une allocation de 303 a echoue !
Une allocation de 1213 a echoue !
Une allocation de 202 a echoue !
Une allocation de 29127 a echoue !
Une allocation de 75 a echoue !
Une allocation de 303 a echoue !
Une allocation de 1213 a echoue !
Une allocation de 202 a echoue !
Une allocation de 4854 a echoue !
Une allocation de 202 a echoue !
Une allocation de 809 a echoue !
Une allocation de 134 a echoue !
Une allocation de 64 a echoue !
Une allocation de 256 a echoue !
Une allocation de 1024 a echoue !
Une allocation de 170 a echoue !
Une allocation de 4096 a echoue !
Une allocation de 170 a echoue !
Une allocation de 682 a echoue !
Une allocation de 113 a echoue !
Une allocation de 16384 a echoue !
Une allocation de 170 a echoue !
Une allocation de 682 a echoue !
Une allocation de 113 a echoue !
Une allocation de 2730 a echoue !
Une allocation de 113 a echoue !
Une allocation de 455 a echoue !
Une allocation de 75 a echoue !
Une allocation de 65536 a echoue !
Une allocation de 170 a echoue !
Une allocation de 682 a echoue !
Une allocation de 113 a echoue !
Une allocation de 2730 a echoue !
Une allocation de 113 a echoue !
Une allocation de 455 a echoue !
Une allocation de 75 a echoue !
Une allocation de 10922 a echoue !
Une allocation de 113 a echoue !
Une allocation de 455 a echoue !
Une allocation de 75 a echoue !
Une allocation de 1820 a echoue !
Une allocation de 75 a echoue !
Une allocation de 303 a echoue !
Une allocation de 262144 a echoue !
Une allocation de 170 a echoue !
Une allocation de 682 a echoue !
Une allocation de 113 a echoue !
Une allocation de 2730 a echoue !
Une allocation de 113 a echoue !
Une allocation de 455 a echoue !
Une allocation de 75 a echoue !
Une allocation de 10922 a echoue !
Une allocation de 113 a echoue !
Une allocation de 455 a echoue !
Une allocation de 75 a echoue !
Une allocation de 1820 a echoue !
Une allocation de 75 a echoue !
Une allocation de 303 a echoue !
Une allocation de 43690 a echoue !
Une allocation de 113 a echoue !
Une allocation de 455 a echoue !
Une allocation de 75 a echoue !
Une allocation de 1820 a echoue !
Une allocation de 75 a echoue !
Une allocation de 303 a echoue !
Une allocation de 7281 a echoue !
Une allocation de 75 a echoue !
Une allocation de 303 a echoue !
Une allocation de 1213 a echoue !
Une allocation de 202 a echoue !
Une allocation de 1048576 a echoue !
Une allocation de 170 a echoue !
Une allocation de 682 a echoue !
Une allocation de 113 a echoue !
Une allocation de 2730 a echoue !
Une allocation de 113 a echoue !
Une allocation de 455 a echoue !
Une allocation de 75 a echoue !
Une allocation de 10922 a echoue !
Une allocation de 113 a echoue !
Une allocation de 455 a echoue !
Une allocation de 75 a echoue !
Une allocation de 1820 a echoue !
Une allocation de 75 a echoue !
Une allocation de 303 a echoue !
Une allocation de 43690 a echoue !
Une allocation de 113 a echoue !
Une allocation de 455 a echoue !
Une allocation de 75 a echoue !
Une allocation de 1820 a echoue !
Une allocation de 75 a echoue !
Une allocation de 303 a echoue !
Une allocation de 7281 a echoue !
Une allocation de 75 a echoue !
Une allocation de 303 a echoue !
Une allocation de 1213 a echoue !
Une allocation de 202 a echoue !
Une allocation de 174762 a echoue !
Une allocation de 113 a echoue !
Une allocation de 455 a echoue !
Une allocation de 75 a echoue !
Une allocation de 1820 a echoue !
Une allocation de 75 a echoue !
Une allocation de 303 a echoue !
Une allocation de 7281 a echoue !
Une allocation de 75 a echoue !
Une allocation de 303 a echoue !
Une allocation de 1213 a echoue !
Une allocation de 202 a echoue !
Une allocation de 29127 a echoue !
Une allocation de 75 a echoue !
Une allocation de 303 a echoue !
Une allocation de 1213 a echoue !
Une allocation de 202 a echoue !
Une allocation de 4854 a echoue !
Une allocation de 202 a echoue !
Une allocation de 809 a echoue !
Une allocation de 134 a echoue !
Une allocation de 64 a echoue !
Une allocation de 256 a echoue !
Une allocation de 1024 a echoue !
Une allocation de 170 a echoue !
Une allocation de 4096 a echoue !
Une allocation de 170 a echoue !
Une allocation de 682 a echoue !
Une allocation de 113 a echoue !
Une allocation de 16384 a echoue !
Une allocation de 170 a echoue !
Une allocation de 682 a echoue !
Une allocation de 113 a echoue !
Une allocation de 2730 a echoue !
Une allocation de 113 a echoue !
Une allocation de 455 a echoue !
Une allocation de 75 a echoue !
Une allocation de 65536 a echoue !
Une allocation de 170 a echoue !
Une allocation de 682 a echoue !
Une allocation de 113 a echoue !
Une allocation de 2730 a echoue !
Une allocation de 113 a echoue !
Une allocation de 455 a echoue !
Une allocation de 75 a echoue !
Une allocation de 10922 a echoue !
Une allocation de 113 a echoue !
Une allocation de 455 a echoue !
Une allocation de 75 a echoue !
Une allocation de 1820 a echoue !
Une allocation de 75 a echoue !
Une allocation de 303 a echoue !
Une allocation de 262144 a echoue !
Une allocation de 170 a echoue !
Une allocation de 682 a echoue !
Une allocation de 113 a echoue !
Une allocation de 2730 a echoue !
Une allocation de 113 a echoue !
Une allocation de 455 a echoue !
Une allocation de 75 a echoue !
Une allocation de 10922 a echoue !
Une allocation de 113 a echoue !
Une allocation de 455 a echoue !
Une allocation de 75 a echoue !
Une allocation de 1820 a echoue !
Une allocation de 75 a echoue !
Une allocation de 303 a echoue !
Une allocation de 43690 a echoue !
Une allocation de 113 a echoue !
Une allocation de 455 a echoue !
Une allocation de 75 a echoue !
Une allocation de 1820 a echoue !
Une allocation de 75 a echoue !
Une allocation de 303 a echoue !
Une allocation de 7281 a echoue !
Une allocation de 75 a echoue !
Une allocation de 303 a echoue !
Une allocation de 1213 a echoue !
Une allocation de 202 a echoue !
Une allocation de 1048576 a echoue !
Une allocation de 170 a echoue !
Une allocation de 682 a echoue !
Une allocation de 113 a echoue !
Une allocation de 2730 a echoue !
Une allocation de 113 a echoue !
Une allocation de 455 a echoue !
Une allocation de 75 a echoue !
Une allocation de 10922 a echoue !
Une allocation de 113 a echoue !
Une allocation de 455 a echoue !
Une allocation de 75 a echoue !
Une allocation de 1820 a echoue !
Une allocation de 75 a echoue !
Une allocation de 303 a echoue !
Une allocation de 43690 a echoue !
Une allocation de 113 a echoue !
Une allocation de 455 a echoue !
Une allocation de 75 a echoue !
Une allocation de 1820 a echoue !
Une allocation de 75 a echoue !
Une allocation de 303 a echoue !
Une allocation de 7281 a echoue !
Une allocation de 75 a echoue !
Une allocation de 303 a echoue !
Une allocation de 1213 a echoue !
Une allocation de 202 a echoue !
Une allocation de 174762 a echoue !
Une allocation de 113 a echoue !
Une allocation de 455 a echoue !
Une allocation de 75 a echoue !
Une allocation de 1820 a echoue !
Une allocation de 75 a echoue !
Une allocation de 303 a echoue !
Une allocation de 7281 a echoue !
Une allocation de 75 a echoue !
Une allocation de 303 a echoue !
Une allocation de 1213 a echoue !
Une allocation de 202 a echoue !
Une allocation de 29127 a echoue !
Une allocation de 75 a echoue !
Une allocation de 303 a echoue !
Une allocation de 1213 a echoue !
Une allocation de 202 a echoue !
Une allocation de 4854 a echoue !
Une allocation de 202 a echoue !
Une allocation de 809 a echoue !
Une allocation de 134 a echoue !
Une allocation de 64 a echoue !
Une allocation de 256 a echoue !
Une allocation de 1024 a echoue !
Une allocation de 170 a echoue !
Une allocation de 4096 a echoue !
Une allocation de 170 a echoue !
Une allocation de 682 a echoue !
Une allocation de 113 a echoue !
Une allocation de 16384 a echoue !
Une allocation de 170 a echoue !
Une allocation de 682 a echoue !
Une allocation de 113 a echoue !
Une allocation de 2730 a echoue !
Une allocation de 113 a echoue !
Une allocation de 455 a echoue !
Une allocation de 75 a echoue !
Une allocation de 65536 a echoue !
Une allocation de 170 a echoue !
Une allocation de 682 a echoue !
Une allocation de 113 a echoue !
Une allocation de 2730 a echoue !
Une allocation de 113 a echoue !
Une allocation de 455 a echoue !
Une allocation de 75 a echoue !
Une allocation de 10922 a echoue !
Une allocation de 113 a echoue !
Une allocation de 455 a echoue !
Une allocation de 75 a echoue !
Une allocation de 1820 a echoue !
Une allocation de 75 a echoue !
Une allocation de 303 a echoue !
Une allocation de 262144 a echoue !
Une allocation de 170 a echoue !
Une allocation de 682 a echoue !
Une allocation de 113 a echoue !
Une allocation de 2730 a echoue !
Une allocation de 113 a echoue !
Une allocation de 455 a echoue !
Une allocation de 75 a echoue !
Une allocation de 10922 a echoue !
Une allocation de 113 a echoue !
Une allocation de 455 a echoue !
Une allocation de 75 a echoue !
Une allocation de 1820 a echoue !
Une allocation de 75 a echoue !
Une allocation de 303 a echoue !
Une allocation de 43690 a echoue !
Une allocation de 113 a echoue !
Une allocation de 455 a echoue !
Une allocation de 75 a echoue !
Une allocation de 1820 a echoue !
Une allocation de 75 a echoue !
Une allocation de 303 a echoue !
Une allocation de 7281 a echoue !
Une allocation de 75 a echoue !
Une allocation de 303 a echoue !
Une allocation de 1213 a echoue !
Une allocation de 202 a echoue !
Une allocation de 1048576 a echoue !
Une allocation de 170 a echoue !
Une allocation de 682 a echoue !
Une allocation de 113 a echoue !
Une allocation de 2730 a echoue !
Une allocation de 113 a echoue !
Une allocation de 455 a echoue !
Une allocation de 75 a echoue !
Une allocation de 10922 a echoue !
Une allocation de 113 a echoue !
Une allocation de 455 a echoue !
Une allocation de 75 a echoue !
Une allocation de 1820 a echoue !
Une allocation de 75 a echoue !
Une allocation de 303 a echoue !
Une allocation de 43690 a echoue !
Une allocation de 113 a echoue !
Une allocation de 455 a echoue !
Une allocation de 75 a echoue !
Une allocation de 1820 a echoue !
Une allocation de 75 a echoue !
Une allocation de 303 a echoue !
Une allocation de 7281 a echoue !
Une allocation de 75 a echoue !
Une allocation de 303 a echoue !
Une allocation de 1213 a echoue !
Une allocation de 202 a echoue !
Une allocation de 174762 a echoue !
Une allocation de 113 a echoue !
Une allocation de 455 a echoue !
Une allocation de 75 a echoue !
Une allocation de 1820 a echoue !
Une allocation de 75 a echoue !
Une allocation de 303 a echoue !
Une allocation de 7281 a echoue !
Une allocation de 75 a echoue !
Une allocation de 303 a echoue !
Une allocation de 1213 a echoue !
Une allocation de 202 a echoue !
Une allocation de 29127 a echoue !
Une allocation de 75 a echoue !
Une allocation de 303 a echoue !
Une allocation de 1213 a echoue !
Une allocation de 202 a echoue !
Une allocation de 4854 a echoue !
Une allocation de 202 a echoue !
Une allocation de 809 a echoue !
Une allocation de 134 a echoue !
Une allocation de 64 a echoue !
Une allocation de 256 a echoue !
Une allocation de 1024 a echoue !
Une allocation de 170 a echoue !
Une allocation de 4096 a echoue !
Une allocation de 170 a echoue !
Une allocation de 682 a echoue !
Une allocation de 113 a echoue !
Une allocation de 16384 a echoue !
Une allocation de 170 a echoue !
Une allocation de 682 a echoue !
Une allocation de 113 a echoue !
Une allocation de 2730 a echoue !
Une allocation de 113 a echoue !
Une allocation de 455 a echoue !
Une allocation de 75 a echoue !
Une allocation de 65536 a echoue !
Une allocation de 170 a echoue !
Une allocation de 682 a echoue !
Une allocation de 113 a echoue !
Une allocation de 2730 a echoue !
Une allocation de 113 a echoue !
Une allocation de 455 a echoue !
Une allocation de 75 a echoue !
Une allocation de 10922 a echoue !
Une allocation de 113 a echoue !
Une allocation de 455 a echoue !
Une allocation de 75 a echoue !
Une allocation de 1820 a echoue !
Une allocation de 75 a echoue !
Une allocation de 303 a echoue !
Une allocation de 262144 a echoue !
Une allocation de 170 a echoue !
Une allocation de 682 a echoue !
Une allocation de 113 a echoue !
Une allocation de 2730 a echoue !
Une allocation de 113 a echoue !
Une allocation de 455 a echoue !
Une allocation de 75 a echoue !
Une allocation de 10922 a echoue !
Une allocation de 113 a echoue !
Une allocation de 455 a echoue !
Une allocation de 75 a echoue !
Une allocation de 1820 a echoue !
Une allocation de 75 a echoue !
Une allocation de 303 a echoue !
Une allocation de 43690 a echoue !
Une allocation de 113 a echoue !
Une allocation de 455 a echoue !
Une allocation de 75 a echoue !
Une allocation de 1820 a echoue !
Une allocation de 75 a echoue !
Une allocation de 303 a echoue !
Une allocation de 7281 a echoue !
Une allocation de 75 a echoue !
Une allocation de 303 a echoue !
Une allocation de 1213 a echoue !
Une allocation de 202 a echoue !
Une allocation de 1048576 a echoue !
Une allocation de 170 a echoue !
Une allocation de 682 a echoue !
Une allocation de 113 a echoue !
Une allocation de 2730 a echoue !
Une allocation de 113 a echoue !
Une allocation de 455 a echoue !
Une allocation de 75 a echoue !
Une allocation de 10922 a echoue !
Une allocation de 113 a echoue !
Une allocation de 455 a echoue !
Une allocation de 75 a echoue !
Une allocation de 1820 a echoue !
Une allocation de 75 a echoue !
Une allocation de 303 a echoue !
Une allocation de 43690 a echoue !
Une allocation de 113 a echoue !
Une allocation de 455 a echoue !
Une allocation de 75 a echoue !
Une allocation de 1820 a echoue !
Une allocation de 75 a echoue !
Une allocation de 303 a echoue !
Une allocation de 7281 a echoue !
Une allocation de 75 a echoue !
Une allocation de 303 a echoue !
Une allocation de 1213 a echoue !
Une allocation de 202 a echoue !
Une allocation de 174762 a echoue !
Une allocation de 113 a echoue !
Une allocation de 455 a echoue !
Une allocation de 75 a echoue !
Une allocation de 1820 a echoue !
Une allocation de 75 a echoue !
Une allocation de 303 a echoue !
Une allocation de 7281 a echoue !
Une allocation de 75 a echoue !
Une allocation de 303 a echoue !
Une allocation de 1213 a echoue !
Une allocation de 202 a echoue !
Une allocation de 29127 a echoue !
Une allocation de 75 a echoue !
Une allocation de 303 a echoue !
Une allocation de 1213 a echoue !
Une allocation de 202 a echoue !
Une allocation de 4854 a echoue !
Une allocation de 202 a echoue !
Une allocation de 809 a echoue !
Une allocation de 134 a echoue !
Une allocation de 64 a echoue !
Une allocation de 256 a echoue !
Une allocation de 1024 a echoue !
Une allocation de 170 a echoue !
Une allocation de 4096 a echoue !
Une allocation de 170 a echoue !
Une allocation de 682 a echoue !
Une allocation de 113 a echoue !
Une allocation de 16384 a echoue !
Une allocation de 170 a echoue !
Une allocation de 682 a echoue !
Une allocation de 113 a echoue !
Une allocation de 2730 a echoue !
Une allocation de 113 a echoue !
Une allocation de 455 a echoue !
Une allocation de 75 a echoue !
Une allocation de 65536 a echoue !
Une allocation de 170 a echoue !
Une allocation de 682 a echoue !
Une allocation de 113 a echoue !
Une allocation de 2730 a echoue !
Une allocation de 113 a echoue !
Une allocation de 455 a echoue !
Une allocation de 75 a echoue !
Une allocation de 10922 a echoue !
Une allocation de 113 a echoue !
Une allocation de 455 a echoue !
Une allocation de 75 a echoue !
Une allocation de 1820 a echoue !
Une allocation de 75 a echoue !
Une allocation de 303 a echoue !
Une allocation de 262144 a echoue !
Une allocation de 170 a echoue !
Une allocation de 682 a echoue !
Une allocation de 113 a echoue !
Une allocation de 2730 a echoue !
Une allocation de 113 a echoue !
Une allocation de 455 a echoue !
Une allocation de 75 a echoue !
Une allocation de 10922 a echoue !
Une allocation de 113 a echoue !
Une allocation de 455 a echoue !
Une allocation de 75 a echoue !
Une allocation de 1820 a echoue !
Une allocation de 75 a echoue !
Une allocation de 303 a echoue !
Une allocation de 43690 a echoue !
Une allocation de 113 a echoue !
Une allocation de 455 a echoue !
Une allocation de 75 a echoue !
Une allocation de 1820 a echoue !
Une allocation de 75 a echoue !
Une allocation de 303 a echoue !
Une allocation de 7281 a echoue !
Une allocation de 75 a echoue !
Une allocation de 303 a echoue !
Une allocation de 1213 a echoue !
Une allocation de 202 a echoue !
Une allocation de 1048576 a echoue !
Une allocation de 170 a echoue !
Une allocation de 682 a echoue !
Une allocation de 113 a echoue !
Une allocation de 2730 a echoue !
Une allocation de 113 a echoue !
Une allocation de 455 a echoue !
Une allocation de 75 a echoue !
Une allocation de 10922 a echoue !
Une allocation de 113 a echoue !
Une allocation de 455 a echoue !
Une allocation de 75 a echoue !
Une allocation de 1820 a echoue !
Une allocation de 75 a echoue !
Une allocation de 303 a echoue !
Une allocation de 43690 a echoue !
Une allocation de 113 a echoue !
Une allocation de 455 a echoue !
Une allocation de 75 a echoue !
Une allocation de 1820 a echoue !
Une allocation de 75 a echoue !
Une allocation de 303 a echoue !
Une allocation de 7281 a echoue !
Une allocation de 75 a echoue !
Une allocation de 303 a echoue !
Une allocation de 1213 a echoue !
Une allocation de 202 a echoue !
Une allocation de 174762 a echoue !
Une allocation de 113 a echoue !
Une allocation de 455 a echoue !
Une allocation de 75 a echoue !
Une allocation de 1820 a echoue !
Une allocation de 75 a echoue !
Une allocation de 303 a echoue !
Une allocation de 7281 a echoue !
Une allocation de 75 a echoue !
Une allocation de 303 a echoue !
Une allocation de 1213 a echoue !
Une allocation de 202 a echoue !
Une allocation de 29127 a echoue !
Une allocation de 75 a echoue !
Une allocation de 303 a echoue !
Une allocation de 1213 a echoue !
Une allocation de 202 a echoue !
Une allocation de 4854 a echoue !
Une allocation de 202 a echoue !
Une allocation de 809 a echoue !
Une allocation de 134 a echoue !
[       OK ] Generic.aleatoire (0 ms)
[----------] 3 tests from Generic (0 ms total)

[----------] 1 test from Medium
[ RUN      ] Medium.buddy
/user/2/.base/matterv/home/TP/SEPC/SEPC_TP1/tests/test_buddy.cc:17: Failure
Expected: (mref) != ((void*) 0), actual: NULL vs NULL
[  FAILED  ] Medium.buddy (0 ms)
[----------] 1 test from Medium (0 ms total)

[----------] Global test environment tear-down
[==========] 12 tests from 4 test cases ran. (1 ms total)
[  PASSED  ] 2 tests.
[  FAILED  ] 10 tests, listed below:
[  FAILED  ] Mark.mmix
[  FAILED  ] Basic.onetinysmall
[  FAILED  ] Basic.onelargesmall
[  FAILED  ] Basic.onemedium
[  FAILED  ] Basic.onelarge
[  FAILED  ] Basic.oneallocloopsmall
[  FAILED  ] Basic.oneallocloopmedium
[  FAILED  ] Generic.loopevenoddsmall
[  FAILED  ] Generic.loopevenoddmedium
[  FAILED  ] Medium.buddy

10 FAILED TESTS
<end of output>
Test time =   0.01 sec
----------------------------------------------------------
Test Failed.
"AllTestsAllocator" end time: Oct 09 15:36 CEST
"AllTestsAllocator" time elapsed: 00:00:00
----------------------------------------------------------

End testing: Oct 09 15:36 CEST
